<?xml version="1.0" encoding="UTF-8"?>
<!-- Generated by org.testng.reporters.JUnitReportReporter -->
<testsuite hostname="Gurpreet" failures="0" tests="1" name="com.inetBanking.testCases.TC_LoginTest_001" time="4.858" errors="0" timestamp="20 Feb 2021 08:36:43 GMT" skipped="0">
  <testcase classname="com.inetBanking.testCases.TC_LoginTest_001" name="loginTest" time="4.858"/>
</testsuite> <!-- com.inetBanking.testCases.TC_LoginTest_001 -->
