<?xml version="1.0" encoding="UTF-8"?>
<!-- Generated by org.testng.reporters.JUnitReportReporter -->
<testsuite hostname="Gurpreet" failures="0" tests="1" name="com.inetBanking.testCases.SimpleFormTest" time="0.858" errors="0" timestamp="14 Feb 2021 03:18:53 GMT" skipped="0">
  <testcase classname="com.inetBanking.testCases.SimpleFormTest" name="simpleFormTest" time="0.858"/>
</testsuite> <!-- com.inetBanking.testCases.SimpleFormTest -->
