<?xml version="1.0" encoding="UTF-8"?>
<!-- Generated by org.testng.reporters.JUnitReportReporter -->
<testsuite hostname="Gurpreet" failures="0" tests="1" name="com.inetBanking.testCases.CheckboxTest" time="0.747" errors="0" timestamp="20 Feb 2021 06:58:01 GMT" skipped="0">
  <testcase classname="com.inetBanking.testCases.CheckboxTest" name="checkboxtest" time="0.747"/>
</testsuite> <!-- com.inetBanking.testCases.CheckboxTest -->
