<?xml version="1.0" encoding="UTF-8"?>
<!-- Generated by org.testng.reporters.JUnitReportReporter -->
<testsuite hostname="Gurpreet" failures="0" tests="1" name="com.inetBanking.testCases.AddNewCustomerTest" time="11.362" errors="0" timestamp="20 Feb 2021 08:36:43 GMT" skipped="0">
  <testcase classname="com.inetBanking.testCases.AddNewCustomerTest" name="addnewcustomer" time="11.362"/>
</testsuite> <!-- com.inetBanking.testCases.AddNewCustomerTest -->
