<?xml version="1.0" encoding="UTF-8"?>
<!-- Generated by org.testng.reporters.JUnitReportReporter -->
<testsuite skipped="0" hostname="Gurpreet" name="com.inetBanking.testCases.TC_LoginTest_001" tests="1" failures="0" timestamp="20 Feb 2021 11:16:45 GMT" time="4.407" errors="0">
  <testcase name="loginTest" time="4.407" classname="com.inetBanking.testCases.TC_LoginTest_001"/>
</testsuite> <!-- com.inetBanking.testCases.TC_LoginTest_001 -->
