<?xml version="1.0" encoding="UTF-8"?>
<!-- Generated by org.testng.reporters.JUnitReportReporter -->
<testsuite skipped="0" hostname="Gurpreet" name="com.inetBanking.testCases.AddNewCustomerTest" tests="1" failures="0" timestamp="20 Feb 2021 11:16:45 GMT" time="12.347" errors="0">
  <testcase name="addnewcustomer" time="12.347" classname="com.inetBanking.testCases.AddNewCustomerTest"/>
</testsuite> <!-- com.inetBanking.testCases.AddNewCustomerTest -->
